Arguments: 
  /usr/local/bin/node /Users/siarheinavitski/.yarn/bin/yarn.js add redux@4.1.2 react-redux@7.2.6 redux-devtools-extension@2.13.9 react-router-dom@6.0.1 react-bootstrap@2.0.bootstrap@1 5.1.3 sass@1.43.4

PATH: 
  /Users/siarheinavitski/.yarn/bin:/Users/siarheinavitski/.config/yarn/global/node_modules/.bin:/usr/local/bin:/usr/bin:/bin:/usr/sbin:/sbin:/Users/siarheinavitski/.yarn/bin:/Users/siarheinavitski/.config/yarn/global/node_modules/.bin

Yarn version: 
  1.22.18

Node version: 
  14.17.6

Platform: 
  darwin x64

Trace: 
  Error: https://registry.yarnpkg.com/5.1.3: Not found
      at Request.params.callback [as _callback] (/Users/siarheinavitski/.yarn/lib/cli.js:66138:18)
      at Request.self.callback (/Users/siarheinavitski/.yarn/lib/cli.js:140883:22)
      at Request.emit (events.js:400:28)
      at Request.<anonymous> (/Users/siarheinavitski/.yarn/lib/cli.js:141855:10)
      at Request.emit (events.js:400:28)
      at IncomingMessage.<anonymous> (/Users/siarheinavitski/.yarn/lib/cli.js:141777:12)
      at Object.onceWrapper (events.js:519:28)
      at IncomingMessage.emit (events.js:412:35)
      at endReadableNT (internal/streams/readable.js:1317:12)
      at processTicksAndRejections (internal/process/task_queues.js:82:21)

npm manifest: 
  No manifest

yarn manifest: 
  No manifest

Lockfile: 
  # THIS IS AN AUTOGENERATED FILE. DO NOT EDIT THIS FILE DIRECTLY.
  # yarn lockfile v1
